{
  "RSpec": {
    "coverage": {
      "/Users/jon/code/maclover7/globe/rails/app/controllers/assignments_controller.rb": [
        1,
        1,
        null,
        1,
        1,
        null,
        1,
        null,
        1,
        1,
        1,
        null,
        1,
        null,
        1,
        null,
        null,
        null,
        null,
        1,
        1,
        0,
        null,
        null,
        0,
        null,
        null,
        null,
        null,
        0,
        0,
        0,
        null,
        null,
        0,
        null,
        null,
        null,
        1,
        null,
        null,
        1,
        3,
        3,
        2,
        null,
        1,
        null,
        null,
        null,
        1,
        2,
        2,
        2,
        null,
        0,
        null,
        null,
        null,
        1,
        null,
        1,
        6,
        null,
        null,
        1,
        3,
        3,
        null,
        null,
        1,
        3,
        3,
        0,
        null,
        null,
        null,
        1,
        4,
        4,
        null,
        null
      ],
      "/Users/jon/code/maclover7/globe/rails/app/controllers/application_controller.rb": [
        1,
        1,
        null,
        null,
        null,
        1,
        null,
        1,
        0,
        0,
        0,
        null,
        null,
        null,
        null,
        1,
        2,
        null,
        null,
        1,
        2,
        114,
        null,
        null,
        2,
        43,
        null,
        null,
        2,
        8,
        null,
        null,
        null
      ],
      "/Users/jon/code/maclover7/globe/rails/app/controllers/courses_controller.rb": [
        1,
        1,
        1,
        1,
        1,
        1,
        null,
        null,
        null,
        1,
        1,
        null,
        null,
        null,
        1,
        1,
        null,
        null,
        null,
        1,
        1,
        null,
        null,
        null,
        1,
        null,
        null,
        null,
        1,
        5,
        null,
        5,
        3,
        null,
        2,
        null,
        null,
        null,
        null,
        1,
        5,
        3,
        null,
        2,
        null,
        null,
        null,
        null,
        1,
        2,
        2,
        null,
        0,
        null,
        null,
        null,
        1,
        1,
        8,
        8,
        null,
        null,
        1,
        1,
        1,
        null,
        null,
        null,
        1,
        9,
        null,
        null,
        null,
        1,
        10,
        null,
        null
      ],
      "/Users/jon/code/maclover7/globe/rails/app/controllers/dashboard_controller.rb": [
        1,
        1,
        null,
        1,
        2,
        2,
        null,
        null,
        2,
        0,
        0,
        null,
        0,
        0,
        null,
        0,
        0,
        null,
        0,
        0,
        null,
        0,
        0,
        null,
        0,
        0,
        null,
        null,
        null,
        2,
        0,
        0,
        0,
        null,
        0,
        null,
        null,
        null,
        2,
        2,
        2,
        2,
        2,
        2,
        null,
        null
      ],
      "/Users/jon/code/maclover7/globe/rails/app/controllers/enrollments_controller.rb": [
        1,
        1,
        1,
        null,
        1,
        1,
        0,
        null,
        1,
        1,
        1,
        null,
        null,
        null,
        1,
        null,
        1,
        2,
        2,
        null,
        null
      ],
      "/Users/jon/code/maclover7/globe/rails/app/controllers/pages_controller.rb": [
        1,
        1,
        null,
        null,
        1,
        null,
        null
      ],
      "/Users/jon/code/maclover7/globe/rails/app/controllers/quiz_center_controller.rb": [
        1,
        1,
        null,
        1,
        1,
        1,
        null,
        1,
        1,
        1,
        null,
        null,
        1,
        6,
        3,
        null,
        3,
        3,
        null,
        3,
        null,
        3,
        3,
        null,
        null,
        null,
        1,
        8,
        4,
        null,
        4,
        4,
        2,
        null,
        null,
        null,
        null,
        1,
        2,
        null,
        null,
        1,
        0,
        0,
        null,
        null,
        null,
        null,
        null,
        null,
        null,
        0,
        null,
        0,
        null,
        null,
        null,
        1,
        null,
        null,
        1,
        2,
        2,
        null,
        null,
        null,
        1,
        null,
        1,
        5,
        1,
        null,
        null,
        null,
        1,
        8,
        0,
        null,
        null,
        null,
        1,
        8,
        null,
        null,
        1,
        5,
        null,
        null,
        1,
        2,
        null,
        null
      ],
      "/Users/jon/code/maclover7/globe/rails/app/controllers/student_assignments_controller.rb": [
        1,
        1,
        1,
        null,
        1,
        2,
        2,
        2,
        null,
        null,
        1,
        null,
        1,
        2,
        2,
        null,
        null
      ],
      "/Users/jon/code/maclover7/globe/rails/app/models/assignment.rb": [
        1,
        1,
        1,
        1,
        1,
        null
      ],
      "/Users/jon/code/maclover7/globe/rails/app/models/course.rb": [
        1,
        1,
        1,
        1,
        1,
        null,
        1,
        1,
        null,
        1,
        null,
        1,
        54,
        54,
        0,
        null,
        54,
        null,
        null,
        null
      ],
      "/Users/jon/code/maclover7/globe/rails/app/models/enrollment.rb": [
        1,
        1,
        1,
        null
      ],
      "/Users/jon/code/maclover7/globe/rails/app/models/student_assignment.rb": [
        1,
        1,
        1,
        null,
        null,
        22,
        22,
        null,
        null,
        1,
        1,
        null,
        null,
        1,
        18,
        3,
        15,
        3,
        12,
        3,
        9,
        3,
        6,
        3,
        3,
        3,
        null,
        null,
        null
      ],
      "/Users/jon/code/maclover7/globe/rails/app/services/assignment_validator.rb": [
        1,
        1,
        2,
        1,
        null,
        null,
        1,
        1,
        1,
        null,
        1,
        1,
        0,
        0,
        0,
        0,
        0,
        null,
        null,
        1,
        1,
        0,
        null,
        null,
        1,
        0,
        1,
        0,
        null,
        1,
        null,
        null,
        null
      ],
      "/Users/jon/code/maclover7/globe/rails/app/workers/assignment_creator_worker.rb": [
        1,
        1,
        null,
        1,
        1,
        1,
        null,
        1,
        1,
        1,
        null,
        null,
        null
      ],
      "/Users/jon/code/maclover7/globe/rails/app/workers/assignment_loader_worker.rb": [
        1,
        1,
        null,
        1,
        0,
        0,
        0,
        0,
        0,
        0,
        null,
        null,
        null
      ]
    },
    "timestamp": 1446335160
  }
}
